[2024-12-20T02:52:14.324151629Z] load-data
[2024-12-20T02:52:19.163120185Z] login aaron.burr@hamilton.us;sir
[2024-12-20T02:52:22.108082378Z] login
[2024-12-20T02:52:26.483617417Z] player-create Ex;ample;12345678Z
[2024-12-20T02:52:30.594584310Z] team-create FNKI
[2024-12-20T02:52:36.023299406Z] team-add 12345678Z;FNKI
[2024-12-20T02:52:42.918917585Z] tournament-create New;17-12-2024;02-01-2025;Lightning Cup;Karting
[2024-12-20T02:52:47.194540288Z] tournament-matchmaking New;-a
[2024-12-20T02:52:57.981875759Z] player-delete 12345678Z
[2024-12-20T02:53:04.387117672Z] logout
[2024-12-20T02:53:09.381591610Z] logout
[2024-12-20T02:53:23.760734730Z] player-delete 12345678Z
[2024-12-20T02:53:28.101802562Z] login root;root
[2024-12-20T02:53:33.464843458Z] player-delete 12345678Z
[2024-12-20T02:53:37.267095081Z] logout
[2024-12-20T02:53:44.315739106Z] tournament-list
[2024-12-20T02:53:52.634480877Z] login eri@example.org;eriri
[2024-12-20T02:53:57.132089757Z] tournament-add New;-e
[2024-12-20T02:54:09.140183761Z] tournament-list
[2024-12-20T02:54:12.567362367Z] logout
[2024-12-20T02:54:19.224528455Z] login root;root
[2024-12-20T02:55:03.142300642Z] create-tournamnet temp;24-02-2025;25-02-2025;bday;love
[2024-12-20T02:55:28.063795173Z] ;24-02-2025;25-02-2025;bday;loveç
[2024-12-20T02:55:33.022338239Z] tournament-create temp;24-02-2025;25-02-2025;bday;love
[2024-12-20T02:55:37.910400653Z] logout
[2024-12-20T02:55:45.013361336Z] login eri@example.org;eriri
[2024-12-20T02:55:48.623688632Z] tournament-add New;-e
[2024-12-20T02:55:56.732331972Z] statistics-show
[2024-12-20T02:56:08.855361481Z] team-remove
