[2024-12-20T03:22:50.755770500Z] load-data
[2024-12-20T03:22:53.469906411Z] login aaron.burr@hamilton.us;sir
[2024-12-20T03:22:55.656670218Z] player-create Ex;ample;12345678Z
[2024-12-20T03:22:57.836298991Z] team-create FNKI
[2024-12-20T03:22:59.925133517Z] team-add 12345678Z;FNKI
[2024-12-20T03:23:02.220108344Z] tournament-create New;17-12-2024;02-01-2025;Lightning Cup;Karting
[2024-12-20T03:23:04.420298874Z] tournament-matchmaking New;-a
[2024-12-20T03:23:06.565686130Z] tournament-create temp;24-02-2025;23-04-2025;what;.
[2024-12-20T03:23:08.772809793Z] logout
[2024-12-20T03:23:11.093303633Z] tournament-list
[2024-12-20T03:23:12.451355226Z] tournament-list
[2024-12-20T03:23:13.776212951Z] tournament-list
[2024-12-20T03:23:16.828824754Z] login eri@example.org;eriri
[2024-12-20T03:23:19.080373796Z] tournament-add New;-e
[2024-12-20T03:23:21.884006533Z] tournament-add temp
[2024-12-20T03:23:24.714180066Z] tournament-list
[2024-12-20T03:23:26.864161754Z] tournament-list
[2024-12-20T03:23:29.436659270Z] statistics-show
[2024-12-20T03:23:35.485766120Z] team-remove
[2024-12-20T03:23:38.711429955Z] tournament-remove
[2024-12-20T03:23:50.915314638Z] tournament-remove Nougat
[2024-12-20T03:23:56.567563543Z] tournament-remove temp
[2024-12-20T03:24:01.057493966Z] tournament-list
[2024-12-20T03:24:12.161150341Z] logout
[2024-12-20T03:24:14.277149250Z] login root;root
[2024-12-20T03:24:16.282220610Z] tournament-list
[2024-12-20T03:24:20.181389400Z] team-delete FNKI
[2024-12-20T03:24:22.879535288Z] tournament-delete New
[2024-12-20T03:24:27.603506969Z] player-delete 12345678Z
[2024-12-20T03:24:30.269406165Z] logout
[2024-12-20T03:24:34.605281653Z] tournament-list
[2024-12-20T03:24:46.212062703Z] exit
